# JRE version: Java(TM) SE Runtime Environment (8.0_45-b15) (build 1.8.0_45-b15)
# Java VM: Java HotSpot(TM) 64-Bit Server VM (25.45-b02 mixed mode windows-amd64 compressed oops)
Heap:
 PSYoungGen      total 382464K, used 337791K [0x00000000d6180000, 0x00000000ee680000, 0x0000000100000000)
  eden space 367616K, 91% used [0x00000000d6180000,0x00000000eab5fc78,0x00000000ec880000)
  from space 14848K, 0% used [0x00000000ed800000,0x00000000ed800000,0x00000000ee680000)
  to   space 15360K, 0% used [0x00000000ec880000,0x00000000ec880000,0x00000000ed780000)
 ParOldGen       total 128000K, used 31344K [0x0000000082400000, 0x000000008a100000, 0x00000000d6180000)
  object space 128000K, 24% used [0x0000000082400000,0x000000008429c298,0x000000008a100000)
 Metaspace       used 63392K, capacity 67914K, committed 68248K, reserved 1107968K
  class space    used 8720K, capacity 9534K, committed 9648K, reserved 1048576K
GC Heap History (10 events):
Event: 6.362 GC heap before
{Heap before GC invocations=14 (full 2):
 PSYoungGen      total 303616K, used 87720K [0x00000000d6180000, 0x00000000eb780000, 0x0000000100000000)
  eden space 287744K, 26% used [0x00000000d6180000,0x00000000dac41d30,0x00000000e7a80000)
  from space 15872K, 70% used [0x00000000e7a80000,0x00000000e8568548,0x00000000e8a00000)
  to   space 16384K, 0% used [0x00000000ea780000,0x00000000ea780000,0x00000000eb780000)
 ParOldGen       total 87552K, used 23929K [0x0000000082400000, 0x0000000087980000, 0x00000000d6180000)
  object space 87552K, 27% used [0x0000000082400000,0x0000000083b5e788,0x0000000087980000)
 Metaspace       used 55598K, capacity 59072K, committed 59160K, reserved 1099776K
  class space    used 7600K, capacity 8209K, committed 8240K, reserved 1048576K
Event: 6.368 GC heap after
Heap after GC invocations=14 (full 2):
 PSYoungGen      total 334336K, used 7235K [0x00000000d6180000, 0x00000000ed900000, 0x0000000100000000)
  eden space 317952K, 0% used [0x00000000d6180000,0x00000000d6180000,0x00000000e9800000)
  from space 16384K, 44% used [0x00000000ea780000,0x00000000eae90d38,0x00000000eb780000)
  to   space 15872K, 0% used [0x00000000e9800000,0x00000000e9800000,0x00000000ea780000)
 ParOldGen       total 87552K, used 23937K [0x0000000082400000, 0x0000000087980000, 0x00000000d6180000)
  object space 87552K, 27% used [0x0000000082400000,0x0000000083b60788,0x0000000087980000)
 Metaspace       used 55598K, capacity 59072K, committed 59160K, reserved 1099776K
  class space    used 7600K, capacity 8209K, committed 8240K, reserved 1048576K
}
Event: 6.368 GC heap before
{Heap before GC invocations=15 (full 3):
 PSYoungGen      total 334336K, used 7235K [0x00000000d6180000, 0x00000000ed900000, 0x0000000100000000)
  eden space 317952K, 0% used [0x00000000d6180000,0x00000000d6180000,0x00000000e9800000)
  from space 16384K, 44% used [0x00000000ea780000,0x00000000eae90d38,0x00000000eb780000)
  to   space 15872K, 0% used [0x00000000e9800000,0x00000000e9800000,0x00000000ea780000)
 ParOldGen       total 87552K, used 23937K [0x0000000082400000, 0x0000000087980000, 0x00000000d6180000)
  object space 87552K, 27% used [0x0000000082400000,0x0000000083b60788,0x0000000087980000)
 Metaspace       used 55598K, capacity 59072K, committed 59160K, reserved 1099776K
  class space    used 7600K, capacity 8209K, committed 8240K, reserved 1048576K
Event: 6.552 GC heap after
Heap after GC invocations=15 (full 3):
 PSYoungGen      total 334336K, used 0K [0x00000000d6180000, 0x00000000ed900000, 0x0000000100000000)
  eden space 317952K, 0% used [0x00000000d6180000,0x00000000d6180000,0x00000000e9800000)
  from space 16384K, 0% used [0x00000000ea780000,0x00000000ea780000,0x00000000eb780000)
  to   space 15872K, 0% used [0x00000000e9800000,0x00000000e9800000,0x00000000ea780000)
 ParOldGen       total 128000K, used 25251K [0x0000000082400000, 0x000000008a100000, 0x00000000d6180000)
  object space 128000K, 19% used [0x0000000082400000,0x0000000083ca8e50,0x000000008a100000)
 Metaspace       used 55583K, capacity 59048K, committed 59160K, reserved 1099776K
  class space    used 7598K, capacity 8205K, committed 8240K, reserved 1048576K
}
Event: 8.316 GC heap before
{Heap before GC invocations=16 (full 3):
 PSYoungGen      total 334336K, used 317952K [0x00000000d6180000, 0x00000000ed900000, 0x0000000100000000)
  eden space 317952K, 100% used [0x00000000d6180000,0x00000000e9800000,0x00000000e9800000)
  from space 16384K, 0% used [0x00000000ea780000,0x00000000ea780000,0x00000000eb780000)
  to   space 15872K, 0% used [0x00000000e9800000,0x00000000e9800000,0x00000000ea780000)
 ParOldGen       total 128000K, used 25251K [0x0000000082400000, 0x000000008a100000, 0x00000000d6180000)
  object space 128000K, 19% used [0x0000000082400000,0x0000000083ca8e50,0x000000008a100000)
 Metaspace       used 59598K, capacity 63762K, committed 64024K, reserved 1103872K
  class space    used 8243K, capacity 8947K, committed 9008K, reserved 1048576K
Event: 8.331 GC heap after
Heap after GC invocations=16 (full 3):
 PSYoungGen      total 333824K, used 10037K [0x00000000d6180000, 0x00000000ee780000, 0x0000000100000000)
  eden space 317952K, 0% used [0x00000000d6180000,0x00000000d6180000,0x00000000e9800000)
  from space 15872K, 63% used [0x00000000e9800000,0x00000000ea1cd780,0x00000000ea780000)
  to   space 15872K, 0% used [0x00000000ed800000,0x00000000ed800000,0x00000000ee780000)
 ParOldGen       total 128000K, used 25259K [0x0000000082400000, 0x000000008a100000, 0x00000000d6180000)
  object space 128000K, 19% used [0x0000000082400000,0x0000000083caae50,0x000000008a100000)
 Metaspace       used 59598K, capacity 63762K, committed 64024K, reserved 1103872K
  class space    used 8243K, capacity 8947K, committed 9008K, reserved 1048576K
}
Event: 117.052 GC heap before
{Heap before GC invocations=17 (full 3):
 PSYoungGen      total 333824K, used 112431K [0x00000000d6180000, 0x00000000ee780000, 0x0000000100000000)
  eden space 317952K, 32% used [0x00000000d6180000,0x00000000dc57e730,0x00000000e9800000)
  from space 15872K, 63% used [0x00000000e9800000,0x00000000ea1cd780,0x00000000ea780000)
  to   space 15872K, 0% used [0x00000000ed800000,0x00000000ed800000,0x00000000ee780000)
 ParOldGen       total 128000K, used 25259K [0x0000000082400000, 0x000000008a100000, 0x00000000d6180000)
  object space 128000K, 19% used [0x0000000082400000,0x0000000083caae50,0x000000008a100000)
 Metaspace       used 62744K, capacity 67100K, committed 67352K, reserved 1107968K
  class space    used 8653K, capacity 9401K, committed 9520K, reserved 1048576K
Event: 117.062 GC heap after
Heap after GC invocations=17 (full 3):
 PSYoungGen      total 382464K, used 9686K [0x00000000d6180000, 0x00000000ee680000, 0x0000000100000000)
  eden space 367616K, 0% used [0x00000000d6180000,0x00000000d6180000,0x00000000ec880000)
  from space 14848K, 65% used [0x00000000ed800000,0x00000000ee175bf8,0x00000000ee680000)
  to   space 15360K, 0% used [0x00000000ec880000,0x00000000ec880000,0x00000000ed780000)
 ParOldGen       total 128000K, used 25267K [0x0000000082400000, 0x000000008a100000, 0x00000000d6180000)
  object space 128000K, 19% used [0x0000000082400000,0x0000000083cace50,0x000000008a100000)
 Metaspace       used 62744K, capacity 67100K, committed 67352K, reserved 1107968K
  class space    used 8653K, capacity 9401K, committed 9520K, reserved 1048576K
}
Event: 117.062 GC heap before
{Heap before GC invocations=18 (full 4):
 PSYoungGen      total 382464K, used 9686K [0x00000000d6180000, 0x00000000ee680000, 0x0000000100000000)
  eden space 367616K, 0% used [0x00000000d6180000,0x00000000d6180000,0x00000000ec880000)
  from space 14848K, 65% used [0x00000000ed800000,0x00000000ee175bf8,0x00000000ee680000)
  to   space 15360K, 0% used [0x00000000ec880000,0x00000000ec880000,0x00000000ed780000)
 ParOldGen       total 128000K, used 25267K [0x0000000082400000, 0x000000008a100000, 0x00000000d6180000)
  object space 128000K, 19% used [0x0000000082400000,0x0000000083cace50,0x000000008a100000)
 Metaspace       used 62744K, capacity 67100K, committed 67352K, reserved 1107968K
  class space    used 8653K, capacity 9401K, committed 9520K, reserved 1048576K
Event: 117.272 GC heap after
Heap after GC invocations=18 (full 4):
 PSYoungGen      total 382464K, used 0K [0x00000000d6180000, 0x00000000ee680000, 0x0000000100000000)
  eden space 367616K, 0% used [0x00000000d6180000,0x00000000d6180000,0x00000000ec880000)
  from space 14848K, 0% used [0x00000000ed800000,0x00000000ed800000,0x00000000ee680000)
  to   space 15360K, 0% used [0x00000000ec880000,0x00000000ec880000,0x00000000ed780000)
 ParOldGen       total 128000K, used 31344K [0x0000000082400000, 0x000000008a100000, 0x00000000d6180000)
  object space 128000K, 24% used [0x0000000082400000,0x000000008429c298,0x000000008a100000)
 Metaspace       used 62733K, capacity 67082K, committed 67352K, reserved 1107968K
  class space    used 8651K, capacity 9398K, committed 9520K, reserved 1048576K
}

