# JRE version: Java(TM) SE Runtime Environment (8.0_45-b15) (build 1.8.0_45-b15)
# Java VM: Java HotSpot(TM) 64-Bit Server VM (25.45-b02 mixed mode windows-amd64 compressed oops)
Heap:
 PSYoungGen      total 616448K, used 91997K [0x00000000d6180000, 0x00000000fee00000, 0x0000000100000000)
  eden space 600064K, 12% used [0x00000000d6180000,0x00000000dacca930,0x00000000fab80000)
  from space 16384K, 90% used [0x00000000fab80000,0x00000000fba0ce60,0x00000000fbb80000)
  to   space 17920K, 0% used [0x00000000fdc80000,0x00000000fdc80000,0x00000000fee00000)
 ParOldGen       total 127488K, used 38864K [0x0000000082400000, 0x000000008a080000, 0x00000000d6180000)
  object space 127488K, 30% used [0x0000000082400000,0x00000000849f4168,0x000000008a080000)
 Metaspace       used 70614K, capacity 76064K, committed 76312K, reserved 1116160K
  class space    used 9428K, capacity 10440K, committed 10544K, reserved 1048576K
GC Heap History (10 events):
Event: 132.184 GC heap before
{Heap before GC invocations=30 (full 8):
 PSYoungGen      total 581632K, used 8854K [0x00000000d6180000, 0x00000000fa980000, 0x0000000100000000)
  eden space 566272K, 0% used [0x00000000d6180000,0x00000000d6180000,0x00000000f8a80000)
  from space 15360K, 57% used [0x00000000f9a80000,0x00000000fa325900,0x00000000fa980000)
  to   space 15872K, 0% used [0x00000000f8a80000,0x00000000f8a80000,0x00000000f9a00000)
 ParOldGen       total 127488K, used 37799K [0x0000000082400000, 0x000000008a080000, 0x00000000d6180000)
  object space 127488K, 29% used [0x0000000082400000,0x00000000848e9f60,0x000000008a080000)
 Metaspace       used 68558K, capacity 73844K, committed 74008K, reserved 1114112K
  class space    used 9249K, capacity 10201K, committed 10288K, reserved 1048576K
Event: 132.332 GC heap after
Heap after GC invocations=30 (full 8):
 PSYoungGen      total 581632K, used 0K [0x00000000d6180000, 0x00000000fa980000, 0x0000000100000000)
  eden space 566272K, 0% used [0x00000000d6180000,0x00000000d6180000,0x00000000f8a80000)
  from space 15360K, 0% used [0x00000000f9a80000,0x00000000f9a80000,0x00000000fa980000)
  to   space 15872K, 0% used [0x00000000f8a80000,0x00000000f8a80000,0x00000000f9a00000)
 ParOldGen       total 127488K, used 38306K [0x0000000082400000, 0x000000008a080000, 0x00000000d6180000)
  object space 127488K, 30% used [0x0000000082400000,0x0000000084968858,0x000000008a080000)
 Metaspace       used 68510K, capacity 73766K, committed 74008K, reserved 1114112K
  class space    used 9242K, capacity 10187K, committed 10288K, reserved 1048576K
}
Event: 134.244 GC heap before
{Heap before GC invocations=31 (full 8):
 PSYoungGen      total 581632K, used 566272K [0x00000000d6180000, 0x00000000fa980000, 0x0000000100000000)
  eden space 566272K, 100% used [0x00000000d6180000,0x00000000f8a80000,0x00000000f8a80000)
  from space 15360K, 0% used [0x00000000f9a80000,0x00000000f9a80000,0x00000000fa980000)
  to   space 15872K, 0% used [0x00000000f8a80000,0x00000000f8a80000,0x00000000f9a00000)
 ParOldGen       total 127488K, used 38306K [0x0000000082400000, 0x000000008a080000, 0x00000000d6180000)
  object space 127488K, 30% used [0x0000000082400000,0x0000000084968858,0x000000008a080000)
 Metaspace       used 69569K, capacity 75004K, committed 75160K, reserved 1114112K
  class space    used 9340K, capacity 10328K, committed 10416K, reserved 1048576K
Event: 134.253 GC heap after
Heap after GC invocations=31 (full 8):
 PSYoungGen      total 582144K, used 14114K [0x00000000d6180000, 0x00000000fcc80000, 0x0000000100000000)
  eden space 566272K, 0% used [0x00000000d6180000,0x00000000d6180000,0x00000000f8a80000)
  from space 15872K, 88% used [0x00000000f8a80000,0x00000000f9848910,0x00000000f9a00000)
  to   space 16896K, 0% used [0x00000000fbc00000,0x00000000fbc00000,0x00000000fcc80000)
 ParOldGen       total 127488K, used 38314K [0x0000000082400000, 0x000000008a080000, 0x00000000d6180000)
  object space 127488K, 30% used [0x0000000082400000,0x000000008496a858,0x000000008a080000)
 Metaspace       used 69569K, capacity 75004K, committed 75160K, reserved 1114112K
  class space    used 9340K, capacity 10328K, committed 10416K, reserved 1048576K
}
Event: 161.738 GC heap before
{Heap before GC invocations=32 (full 8):
 PSYoungGen      total 582144K, used 123712K [0x00000000d6180000, 0x00000000fcc80000, 0x0000000100000000)
  eden space 566272K, 19% used [0x00000000d6180000,0x00000000dcc876f0,0x00000000f8a80000)
  from space 15872K, 88% used [0x00000000f8a80000,0x00000000f9848910,0x00000000f9a00000)
  to   space 16896K, 0% used [0x00000000fbc00000,0x00000000fbc00000,0x00000000fcc80000)
 ParOldGen       total 127488K, used 38314K [0x0000000082400000, 0x000000008a080000, 0x00000000d6180000)
  object space 127488K, 30% used [0x0000000082400000,0x000000008496a858,0x000000008a080000)
 Metaspace       used 69598K, capacity 75010K, committed 75160K, reserved 1114112K
  class space    used 9341K, capacity 10330K, committed 10416K, reserved 1048576K
Event: 161.745 GC heap after
Heap after GC invocations=32 (full 8):
 PSYoungGen      total 615936K, used 8918K [0x00000000d6180000, 0x00000000fcb80000, 0x0000000100000000)
  eden space 600064K, 0% used [0x00000000d6180000,0x00000000d6180000,0x00000000fab80000)
  from space 15872K, 56% used [0x00000000fbc00000,0x00000000fc4b5900,0x00000000fcb80000)
  to   space 16384K, 0% used [0x00000000fab80000,0x00000000fab80000,0x00000000fbb80000)
 ParOldGen       total 127488K, used 38322K [0x0000000082400000, 0x000000008a080000, 0x00000000d6180000)
  object space 127488K, 30% used [0x0000000082400000,0x000000008496c858,0x000000008a080000)
 Metaspace       used 69598K, capacity 75010K, committed 75160K, reserved 1114112K
  class space    used 9341K, capacity 10330K, committed 10416K, reserved 1048576K
}
Event: 161.745 GC heap before
{Heap before GC invocations=33 (full 9):
 PSYoungGen      total 615936K, used 8918K [0x00000000d6180000, 0x00000000fcb80000, 0x0000000100000000)
  eden space 600064K, 0% used [0x00000000d6180000,0x00000000d6180000,0x00000000fab80000)
  from space 15872K, 56% used [0x00000000fbc00000,0x00000000fc4b5900,0x00000000fcb80000)
  to   space 16384K, 0% used [0x00000000fab80000,0x00000000fab80000,0x00000000fbb80000)
 ParOldGen       total 127488K, used 38322K [0x0000000082400000, 0x000000008a080000, 0x00000000d6180000)
  object space 127488K, 30% used [0x0000000082400000,0x000000008496c858,0x000000008a080000)
 Metaspace       used 69598K, capacity 75010K, committed 75160K, reserved 1114112K
  class space    used 9341K, capacity 10330K, committed 10416K, reserved 1048576K
Event: 161.943 GC heap after
Heap after GC invocations=33 (full 9):
 PSYoungGen      total 615936K, used 0K [0x00000000d6180000, 0x00000000fcb80000, 0x0000000100000000)
  eden space 600064K, 0% used [0x00000000d6180000,0x00000000d6180000,0x00000000fab80000)
  from space 15872K, 0% used [0x00000000fbc00000,0x00000000fbc00000,0x00000000fcb80000)
  to   space 16384K, 0% used [0x00000000fab80000,0x00000000fab80000,0x00000000fbb80000)
 ParOldGen       total 127488K, used 38856K [0x0000000082400000, 0x000000008a080000, 0x00000000d6180000)
  object space 127488K, 30% used [0x0000000082400000,0x00000000849f2168,0x000000008a080000)
 Metaspace       used 69550K, capacity 74932K, committed 75160K, reserved 1114112K
  class space    used 9334K, capacity 10316K, committed 10416K, reserved 1048576K
}
Event: 164.225 GC heap before
{Heap before GC invocations=34 (full 9):
 PSYoungGen      total 615936K, used 600064K [0x00000000d6180000, 0x00000000fcb80000, 0x0000000100000000)
  eden space 600064K, 100% used [0x00000000d6180000,0x00000000fab80000,0x00000000fab80000)
  from space 15872K, 0% used [0x00000000fbc00000,0x00000000fbc00000,0x00000000fcb80000)
  to   space 16384K, 0% used [0x00000000fab80000,0x00000000fab80000,0x00000000fbb80000)
 ParOldGen       total 127488K, used 38856K [0x0000000082400000, 0x000000008a080000, 0x00000000d6180000)
  object space 127488K, 30% used [0x0000000082400000,0x00000000849f2168,0x000000008a080000)
 Metaspace       used 70550K, capacity 76040K, committed 76312K, reserved 1116160K
  class space    used 9422K, capacity 10436K, committed 10544K, reserved 1048576K
Event: 164.235 GC heap after
Heap after GC invocations=34 (full 9):
 PSYoungGen      total 616448K, used 14899K [0x00000000d6180000, 0x00000000fee00000, 0x0000000100000000)
  eden space 600064K, 0% used [0x00000000d6180000,0x00000000d6180000,0x00000000fab80000)
  from space 16384K, 90% used [0x00000000fab80000,0x00000000fba0ce60,0x00000000fbb80000)
  to   space 17920K, 0% used [0x00000000fdc80000,0x00000000fdc80000,0x00000000fee00000)
 ParOldGen       total 127488K, used 38864K [0x0000000082400000, 0x000000008a080000, 0x00000000d6180000)
  object space 127488K, 30% used [0x0000000082400000,0x00000000849f4168,0x000000008a080000)
 Metaspace       used 70550K, capacity 76040K, committed 76312K, reserved 1116160K
  class space    used 9422K, capacity 10436K, committed 10544K, reserved 1048576K
}

